=== puma startup: 2018-03-01 10:25:26 +0300 ===
[5036] * Starting control server on unix:///var/folders/rd/rnx7mp9j3zj_f1bht8wx9mm00000gn/T/puma-status-1519889126856-5036
[5036] - Worker 0 (pid: 5192) booted, phase: 0
[5036] - Worker 1 (pid: 5193) booted, phase: 0
Started GET "/categories" for 127.0.0.1 at 2018-03-01 10:25:29 +0300
  
ActiveRecord::ConnectionTimeoutError (could not obtain a connection from the pool within 5.000 seconds (waited 5.004 seconds); all pooled connections were in use):
  
activerecord (5.1.5) lib/active_record/connection_adapters/abstract/connection_pool.rb:202:in `block in wait_poll'
activerecord (5.1.5) lib/active_record/connection_adapters/abstract/connection_pool.rb:193:in `loop'
activerecord (5.1.5) lib/active_record/connection_adapters/abstract/connection_pool.rb:193:in `wait_poll'
activerecord (5.1.5) lib/active_record/connection_adapters/abstract/connection_pool.rb:154:in `internal_poll'
activerecord (5.1.5) lib/active_record/connection_adapters/abstract/connection_pool.rb:278:in `internal_poll'
activerecord (5.1.5) lib/active_record/connection_adapters/abstract/connection_pool.rb:148:in `block in poll'
/Users/Ffuu/.rvm/rubies/ruby-2.4.0/lib/ruby/2.4.0/monitor.rb:214:in `mon_synchronize'
activerecord (5.1.5) lib/active_record/connection_adapters/abstract/connection_pool.rb:158:in `synchronize'
activerecord (5.1.5) lib/active_record/connection_adapters/abstract/connection_pool.rb:148:in `poll'
activerecord (5.1.5) lib/active_record/connection_adapters/abstract/connection_pool.rb:747:in `acquire_connection'
activerecord (5.1.5) lib/active_record/connection_adapters/abstract/connection_pool.rb:500:in `checkout'
activerecord (5.1.5) lib/active_record/connection_adapters/abstract/connection_pool.rb:374:in `connection'
activerecord (5.1.5) lib/active_record/connection_adapters/abstract/connection_pool.rb:931:in `retrieve_connection'
activerecord (5.1.5) lib/active_record/connection_handling.rb:116:in `retrieve_connection'
activerecord (5.1.5) lib/active_record/connection_handling.rb:88:in `connection'
activerecord (5.1.5) lib/active_record/migration.rb:562:in `connection'
activerecord (5.1.5) lib/active_record/migration.rb:553:in `call'
actionpack (5.1.5) lib/action_dispatch/middleware/callbacks.rb:26:in `block in call'
activesupport (5.1.5) lib/active_support/callbacks.rb:97:in `run_callbacks'
actionpack (5.1.5) lib/action_dispatch/middleware/callbacks.rb:24:in `call'
actionpack (5.1.5) lib/action_dispatch/middleware/executor.rb:12:in `call'
actionpack (5.1.5) lib/action_dispatch/middleware/debug_exceptions.rb:59:in `call'
web-console (3.5.1) lib/web_console/middleware.rb:135:in `call_app'
web-console (3.5.1) lib/web_console/middleware.rb:28:in `block in call'
web-console (3.5.1) lib/web_console/middleware.rb:18:in `catch'
web-console (3.5.1) lib/web_console/middleware.rb:18:in `call'
actionpack (5.1.5) lib/action_dispatch/middleware/show_exceptions.rb:31:in `call'
railties (5.1.5) lib/rails/rack/logger.rb:36:in `call_app'
railties (5.1.5) lib/rails/rack/logger.rb:24:in `block in call'
activesupport (5.1.5) lib/active_support/tagged_logging.rb:69:in `block in tagged'
activesupport (5.1.5) lib/active_support/tagged_logging.rb:26:in `tagged'
activesupport (5.1.5) lib/active_support/tagged_logging.rb:69:in `tagged'
railties (5.1.5) lib/rails/rack/logger.rb:24:in `call'
sprockets-rails (3.2.1) lib/sprockets/rails/quiet_assets.rb:13:in `call'
actionpack (5.1.5) lib/action_dispatch/middleware/remote_ip.rb:79:in `call'
actionpack (5.1.5) lib/action_dispatch/middleware/request_id.rb:25:in `call'
rack (2.0.4) lib/rack/method_override.rb:22:in `call'
rack (2.0.4) lib/rack/runtime.rb:22:in `call'
activesupport (5.1.5) lib/active_support/cache/strategy/local_cache_middleware.rb:27:in `call'
actionpack (5.1.5) lib/action_dispatch/middleware/executor.rb:12:in `call'
actionpack (5.1.5) lib/action_dispatch/middleware/static.rb:125:in `call'
rack (2.0.4) lib/rack/sendfile.rb:111:in `call'
railties (5.1.5) lib/rails/engine.rb:522:in `call'
puma (3.7.1) lib/puma/configuration.rb:232:in `call'
puma (3.7.1) lib/puma/server.rb:578:in `handle_request'
puma (3.7.1) lib/puma/server.rb:415:in `process_client'
puma (3.7.1) lib/puma/server.rb:275:in `block in run'
puma (3.7.1) lib/puma/thread_pool.rb:120:in `block in spawn_thread'
Started GET "/categories" for 127.0.0.1 at 2018-03-01 10:25:52 +0300
  
ActiveRecord::ConnectionTimeoutError (could not obtain a connection from the pool within 5.000 seconds (waited 5.004 seconds); all pooled connections were in use):
  
activerecord (5.1.5) lib/active_record/connection_adapters/abstract/connection_pool.rb:202:in `block in wait_poll'
activerecord (5.1.5) lib/active_record/connection_adapters/abstract/connection_pool.rb:193:in `loop'
activerecord (5.1.5) lib/active_record/connection_adapters/abstract/connection_pool.rb:193:in `wait_poll'
activerecord (5.1.5) lib/active_record/connection_adapters/abstract/connection_pool.rb:154:in `internal_poll'
activerecord (5.1.5) lib/active_record/connection_adapters/abstract/connection_pool.rb:278:in `internal_poll'
activerecord (5.1.5) lib/active_record/connection_adapters/abstract/connection_pool.rb:148:in `block in poll'
/Users/Ffuu/.rvm/rubies/ruby-2.4.0/lib/ruby/2.4.0/monitor.rb:214:in `mon_synchronize'
activerecord (5.1.5) lib/active_record/connection_adapters/abstract/connection_pool.rb:158:in `synchronize'
activerecord (5.1.5) lib/active_record/connection_adapters/abstract/connection_pool.rb:148:in `poll'
activerecord (5.1.5) lib/active_record/connection_adapters/abstract/connection_pool.rb:747:in `acquire_connection'
activerecord (5.1.5) lib/active_record/connection_adapters/abstract/connection_pool.rb:500:in `checkout'
activerecord (5.1.5) lib/active_record/connection_adapters/abstract/connection_pool.rb:374:in `connection'
activerecord (5.1.5) lib/active_record/connection_adapters/abstract/connection_pool.rb:931:in `retrieve_connection'
activerecord (5.1.5) lib/active_record/connection_handling.rb:116:in `retrieve_connection'
activerecord (5.1.5) lib/active_record/connection_handling.rb:88:in `connection'
activerecord (5.1.5) lib/active_record/migration.rb:562:in `connection'
activerecord (5.1.5) lib/active_record/migration.rb:553:in `call'
actionpack (5.1.5) lib/action_dispatch/middleware/callbacks.rb:26:in `block in call'
activesupport (5.1.5) lib/active_support/callbacks.rb:97:in `run_callbacks'
actionpack (5.1.5) lib/action_dispatch/middleware/callbacks.rb:24:in `call'
actionpack (5.1.5) lib/action_dispatch/middleware/executor.rb:12:in `call'
actionpack (5.1.5) lib/action_dispatch/middleware/debug_exceptions.rb:59:in `call'
web-console (3.5.1) lib/web_console/middleware.rb:135:in `call_app'
web-console (3.5.1) lib/web_console/middleware.rb:28:in `block in call'
web-console (3.5.1) lib/web_console/middleware.rb:18:in `catch'
web-console (3.5.1) lib/web_console/middleware.rb:18:in `call'
actionpack (5.1.5) lib/action_dispatch/middleware/show_exceptions.rb:31:in `call'
railties (5.1.5) lib/rails/rack/logger.rb:36:in `call_app'
railties (5.1.5) lib/rails/rack/logger.rb:24:in `block in call'
activesupport (5.1.5) lib/active_support/tagged_logging.rb:69:in `block in tagged'
activesupport (5.1.5) lib/active_support/tagged_logging.rb:26:in `tagged'
activesupport (5.1.5) lib/active_support/tagged_logging.rb:69:in `tagged'
railties (5.1.5) lib/rails/rack/logger.rb:24:in `call'
sprockets-rails (3.2.1) lib/sprockets/rails/quiet_assets.rb:13:in `call'
actionpack (5.1.5) lib/action_dispatch/middleware/remote_ip.rb:79:in `call'
actionpack (5.1.5) lib/action_dispatch/middleware/request_id.rb:25:in `call'
rack (2.0.4) lib/rack/method_override.rb:22:in `call'
rack (2.0.4) lib/rack/runtime.rb:22:in `call'
activesupport (5.1.5) lib/active_support/cache/strategy/local_cache_middleware.rb:27:in `call'
actionpack (5.1.5) lib/action_dispatch/middleware/executor.rb:12:in `call'
actionpack (5.1.5) lib/action_dispatch/middleware/static.rb:125:in `call'
rack (2.0.4) lib/rack/sendfile.rb:111:in `call'
railties (5.1.5) lib/rails/engine.rb:522:in `call'
puma (3.7.1) lib/puma/configuration.rb:232:in `call'
puma (3.7.1) lib/puma/server.rb:578:in `handle_request'
puma (3.7.1) lib/puma/server.rb:415:in `process_client'
puma (3.7.1) lib/puma/server.rb:275:in `block in run'
puma (3.7.1) lib/puma/thread_pool.rb:120:in `block in spawn_thread'
[5036] - Gracefully shutting down workers...
[5036] === puma shutdown: 2018-03-01 10:26:05 +0300 ===
[5036] - Goodbye!
Exiting
=== puma startup: 2018-03-01 10:26:13 +0300 ===
[5716] * Starting control server on unix:///var/folders/rd/rnx7mp9j3zj_f1bht8wx9mm00000gn/T/puma-status-1519889173005-5716
[5716] - Worker 1 (pid: 5742) booted, phase: 0
[5716] - Worker 0 (pid: 5741) booted, phase: 0
Started GET "/categories" for 127.0.0.1 at 2018-03-01 10:26:19 +0300
  
ActiveRecord::ConnectionTimeoutError (could not obtain a connection from the pool within 5.000 seconds (waited 5.003 seconds); all pooled connections were in use):
  
activerecord (5.1.5) lib/active_record/connection_adapters/abstract/connection_pool.rb:202:in `block in wait_poll'
activerecord (5.1.5) lib/active_record/connection_adapters/abstract/connection_pool.rb:193:in `loop'
activerecord (5.1.5) lib/active_record/connection_adapters/abstract/connection_pool.rb:193:in `wait_poll'
activerecord (5.1.5) lib/active_record/connection_adapters/abstract/connection_pool.rb:154:in `internal_poll'
activerecord (5.1.5) lib/active_record/connection_adapters/abstract/connection_pool.rb:278:in `internal_poll'
activerecord (5.1.5) lib/active_record/connection_adapters/abstract/connection_pool.rb:148:in `block in poll'
/Users/Ffuu/.rvm/rubies/ruby-2.4.0/lib/ruby/2.4.0/monitor.rb:214:in `mon_synchronize'
activerecord (5.1.5) lib/active_record/connection_adapters/abstract/connection_pool.rb:158:in `synchronize'
activerecord (5.1.5) lib/active_record/connection_adapters/abstract/connection_pool.rb:148:in `poll'
activerecord (5.1.5) lib/active_record/connection_adapters/abstract/connection_pool.rb:747:in `acquire_connection'
activerecord (5.1.5) lib/active_record/connection_adapters/abstract/connection_pool.rb:500:in `checkout'
activerecord (5.1.5) lib/active_record/connection_adapters/abstract/connection_pool.rb:374:in `connection'
activerecord (5.1.5) lib/active_record/connection_adapters/abstract/connection_pool.rb:931:in `retrieve_connection'
activerecord (5.1.5) lib/active_record/connection_handling.rb:116:in `retrieve_connection'
activerecord (5.1.5) lib/active_record/connection_handling.rb:88:in `connection'
activerecord (5.1.5) lib/active_record/migration.rb:562:in `connection'
activerecord (5.1.5) lib/active_record/migration.rb:553:in `call'
actionpack (5.1.5) lib/action_dispatch/middleware/callbacks.rb:26:in `block in call'
activesupport (5.1.5) lib/active_support/callbacks.rb:97:in `run_callbacks'
actionpack (5.1.5) lib/action_dispatch/middleware/callbacks.rb:24:in `call'
actionpack (5.1.5) lib/action_dispatch/middleware/executor.rb:12:in `call'
actionpack (5.1.5) lib/action_dispatch/middleware/debug_exceptions.rb:59:in `call'
web-console (3.5.1) lib/web_console/middleware.rb:135:in `call_app'
web-console (3.5.1) lib/web_console/middleware.rb:28:in `block in call'
web-console (3.5.1) lib/web_console/middleware.rb:18:in `catch'
web-console (3.5.1) lib/web_console/middleware.rb:18:in `call'
actionpack (5.1.5) lib/action_dispatch/middleware/show_exceptions.rb:31:in `call'
railties (5.1.5) lib/rails/rack/logger.rb:36:in `call_app'
railties (5.1.5) lib/rails/rack/logger.rb:24:in `block in call'
activesupport (5.1.5) lib/active_support/tagged_logging.rb:69:in `block in tagged'
activesupport (5.1.5) lib/active_support/tagged_logging.rb:26:in `tagged'
activesupport (5.1.5) lib/active_support/tagged_logging.rb:69:in `tagged'
railties (5.1.5) lib/rails/rack/logger.rb:24:in `call'
sprockets-rails (3.2.1) lib/sprockets/rails/quiet_assets.rb:13:in `call'
actionpack (5.1.5) lib/action_dispatch/middleware/remote_ip.rb:79:in `call'
actionpack (5.1.5) lib/action_dispatch/middleware/request_id.rb:25:in `call'
rack (2.0.4) lib/rack/method_override.rb:22:in `call'
rack (2.0.4) lib/rack/runtime.rb:22:in `call'
activesupport (5.1.5) lib/active_support/cache/strategy/local_cache_middleware.rb:27:in `call'
actionpack (5.1.5) lib/action_dispatch/middleware/executor.rb:12:in `call'
actionpack (5.1.5) lib/action_dispatch/middleware/static.rb:125:in `call'
rack (2.0.4) lib/rack/sendfile.rb:111:in `call'
railties (5.1.5) lib/rails/engine.rb:522:in `call'
puma (3.7.1) lib/puma/configuration.rb:232:in `call'
puma (3.7.1) lib/puma/server.rb:578:in `handle_request'
puma (3.7.1) lib/puma/server.rb:415:in `process_client'
puma (3.7.1) lib/puma/server.rb:275:in `block in run'
puma (3.7.1) lib/puma/thread_pool.rb:120:in `block in spawn_thread'
Started GET "/categories" for 127.0.0.1 at 2018-03-01 10:27:33 +0300
  
ActiveRecord::ConnectionTimeoutError (could not obtain a connection from the pool within 5.000 seconds (waited 5.003 seconds); all pooled connections were in use):
  
activerecord (5.1.5) lib/active_record/connection_adapters/abstract/connection_pool.rb:202:in `block in wait_poll'
activerecord (5.1.5) lib/active_record/connection_adapters/abstract/connection_pool.rb:193:in `loop'
activerecord (5.1.5) lib/active_record/connection_adapters/abstract/connection_pool.rb:193:in `wait_poll'
activerecord (5.1.5) lib/active_record/connection_adapters/abstract/connection_pool.rb:154:in `internal_poll'
activerecord (5.1.5) lib/active_record/connection_adapters/abstract/connection_pool.rb:278:in `internal_poll'
activerecord (5.1.5) lib/active_record/connection_adapters/abstract/connection_pool.rb:148:in `block in poll'
/Users/Ffuu/.rvm/rubies/ruby-2.4.0/lib/ruby/2.4.0/monitor.rb:214:in `mon_synchronize'
activerecord (5.1.5) lib/active_record/connection_adapters/abstract/connection_pool.rb:158:in `synchronize'
activerecord (5.1.5) lib/active_record/connection_adapters/abstract/connection_pool.rb:148:in `poll'
activerecord (5.1.5) lib/active_record/connection_adapters/abstract/connection_pool.rb:747:in `acquire_connection'
activerecord (5.1.5) lib/active_record/connection_adapters/abstract/connection_pool.rb:500:in `checkout'
activerecord (5.1.5) lib/active_record/connection_adapters/abstract/connection_pool.rb:374:in `connection'
activerecord (5.1.5) lib/active_record/connection_adapters/abstract/connection_pool.rb:931:in `retrieve_connection'
activerecord (5.1.5) lib/active_record/connection_handling.rb:116:in `retrieve_connection'
activerecord (5.1.5) lib/active_record/connection_handling.rb:88:in `connection'
activerecord (5.1.5) lib/active_record/migration.rb:562:in `connection'
activerecord (5.1.5) lib/active_record/migration.rb:553:in `call'
actionpack (5.1.5) lib/action_dispatch/middleware/callbacks.rb:26:in `block in call'
activesupport (5.1.5) lib/active_support/callbacks.rb:97:in `run_callbacks'
actionpack (5.1.5) lib/action_dispatch/middleware/callbacks.rb:24:in `call'
actionpack (5.1.5) lib/action_dispatch/middleware/executor.rb:12:in `call'
actionpack (5.1.5) lib/action_dispatch/middleware/debug_exceptions.rb:59:in `call'
web-console (3.5.1) lib/web_console/middleware.rb:135:in `call_app'
web-console (3.5.1) lib/web_console/middleware.rb:28:in `block in call'
web-console (3.5.1) lib/web_console/middleware.rb:18:in `catch'
web-console (3.5.1) lib/web_console/middleware.rb:18:in `call'
actionpack (5.1.5) lib/action_dispatch/middleware/show_exceptions.rb:31:in `call'
railties (5.1.5) lib/rails/rack/logger.rb:36:in `call_app'
railties (5.1.5) lib/rails/rack/logger.rb:24:in `block in call'
activesupport (5.1.5) lib/active_support/tagged_logging.rb:69:in `block in tagged'
activesupport (5.1.5) lib/active_support/tagged_logging.rb:26:in `tagged'
activesupport (5.1.5) lib/active_support/tagged_logging.rb:69:in `tagged'
railties (5.1.5) lib/rails/rack/logger.rb:24:in `call'
sprockets-rails (3.2.1) lib/sprockets/rails/quiet_assets.rb:13:in `call'
actionpack (5.1.5) lib/action_dispatch/middleware/remote_ip.rb:79:in `call'
actionpack (5.1.5) lib/action_dispatch/middleware/request_id.rb:25:in `call'
rack (2.0.4) lib/rack/method_override.rb:22:in `call'
rack (2.0.4) lib/rack/runtime.rb:22:in `call'
activesupport (5.1.5) lib/active_support/cache/strategy/local_cache_middleware.rb:27:in `call'
actionpack (5.1.5) lib/action_dispatch/middleware/executor.rb:12:in `call'
actionpack (5.1.5) lib/action_dispatch/middleware/static.rb:125:in `call'
rack (2.0.4) lib/rack/sendfile.rb:111:in `call'
railties (5.1.5) lib/rails/engine.rb:522:in `call'
puma (3.7.1) lib/puma/configuration.rb:232:in `call'
puma (3.7.1) lib/puma/server.rb:578:in `handle_request'
puma (3.7.1) lib/puma/server.rb:415:in `process_client'
puma (3.7.1) lib/puma/server.rb:275:in `block in run'
puma (3.7.1) lib/puma/thread_pool.rb:120:in `block in spawn_thread'
[5716] - Gracefully shutting down workers...
[5716] === puma shutdown: 2018-03-01 10:27:59 +0300 ===
[5716] - Goodbye!
Exiting
